{"/tmp/workspace/Atena-IT/tokenpricing/libraries/typescript/src/cache.ts": {"path":"/tmp/workspace/Atena-IT/tokenpricing/libraries/typescript/src/cache.ts","all":false,"statementMap":{"6":{"start":{"line":7,"column":0},"end":{"line":7,"column":26}},"7":{"start":{"line":8,"column":0},"end":{"line":8,"column":43}},"8":{"start":{"line":9,"column":0},"end":{"line":9,"column":24}},"9":{"start":{"line":10,"column":0},"end":{"line":10,"column":54}},"11":{"start":{"line":12,"column":0},"end":{"line":12,"column":14}},"12":{"start":{"line":13,"column":0},"end":{"line":13,"column":35}},"13":{"start":{"line":14,"column":0},"end":{"line":14,"column":46}},"14":{"start":{"line":15,"column":0},"end":{"line":15,"column":50}},"15":{"start":{"line":16,"column":0},"end":{"line":16,"column":6}},"17":{"start":{"line":18,"column":0},"end":{"line":18,"column":47}},"18":{"start":{"line":19,"column":0},"end":{"line":19,"column":8}},"19":{"start":{"line":20,"column":0},"end":{"line":20,"column":22}},"20":{"start":{"line":21,"column":0},"end":{"line":21,"column":33}},"21":{"start":{"line":22,"column":0},"end":{"line":22,"column":33}},"22":{"start":{"line":23,"column":0},"end":{"line":23,"column":7}},"23":{"start":{"line":24,"column":0},"end":{"line":24,"column":24}},"24":{"start":{"line":25,"column":0},"end":{"line":25,"column":5}},"27":{"start":{"line":28,"column":0},"end":{"line":28,"column":23}},"28":{"start":{"line":29,"column":0},"end":{"line":29,"column":26}},"29":{"start":{"line":30,"column":0},"end":{"line":30,"column":5}},"31":{"start":{"line":32,"column":0},"end":{"line":32,"column":32}},"32":{"start":{"line":33,"column":0},"end":{"line":33,"column":25}},"33":{"start":{"line":34,"column":0},"end":{"line":34,"column":28}},"34":{"start":{"line":35,"column":0},"end":{"line":35,"column":49}},"35":{"start":{"line":36,"column":0},"end":{"line":36,"column":33}},"36":{"start":{"line":37,"column":0},"end":{"line":37,"column":22}},"37":{"start":{"line":38,"column":0},"end":{"line":38,"column":8}},"38":{"start":{"line":39,"column":0},"end":{"line":39,"column":23}},"39":{"start":{"line":40,"column":0},"end":{"line":40,"column":33}},"40":{"start":{"line":41,"column":0},"end":{"line":41,"column":18}},"41":{"start":{"line":42,"column":0},"end":{"line":42,"column":9}},"43":{"start":{"line":44,"column":0},"end":{"line":44,"column":24}},"44":{"start":{"line":45,"column":0},"end":{"line":45,"column":3}},"46":{"start":{"line":47,"column":0},"end":{"line":47,"column":17}},"47":{"start":{"line":48,"column":0},"end":{"line":48,"column":27}},"48":{"start":{"line":49,"column":0},"end":{"line":49,"column":23}},"49":{"start":{"line":50,"column":0},"end":{"line":50,"column":29}},"50":{"start":{"line":51,"column":0},"end":{"line":51,"column":3}},"51":{"start":{"line":52,"column":0},"end":{"line":52,"column":1}}},"s":{"6":1,"7":1,"8":1,"9":1,"11":1,"12":12,"13":12,"14":12,"15":12,"17":1,"18":40,"19":40,"20":38,"21":4,"22":40,"23":3,"24":3,"27":40,"28":2,"29":2,"31":35,"32":35,"33":31,"34":31,"35":31,"36":31,"37":35,"38":35,"39":4,"40":4,"41":35,"43":35,"44":40,"46":1,"47":33,"48":33,"49":33,"50":33,"51":1},"branchMap":{"0":{"type":"branch","line":12,"loc":{"start":{"line":12,"column":2},"end":{"line":16,"column":6}},"locations":[{"start":{"line":12,"column":2},"end":{"line":16,"column":6}}]},"1":{"type":"branch","line":18,"loc":{"start":{"line":18,"column":2},"end":{"line":45,"column":3}},"locations":[{"start":{"line":18,"column":2},"end":{"line":45,"column":3}}]},"2":{"type":"branch","line":20,"loc":{"start":{"line":20,"column":7},"end":{"line":21,"column":33}},"locations":[{"start":{"line":20,"column":7},"end":{"line":21,"column":33}}]},"3":{"type":"branch","line":21,"loc":{"start":{"line":21,"column":21},"end":{"line":22,"column":33}},"locations":[{"start":{"line":21,"column":21},"end":{"line":22,"column":33}}]},"4":{"type":"branch","line":23,"loc":{"start":{"line":23,"column":6},"end":{"line":25,"column":5}},"locations":[{"start":{"line":23,"column":6},"end":{"line":25,"column":5}}]},"5":{"type":"branch","line":25,"loc":{"start":{"line":25,"column":4},"end":{"line":28,"column":22}},"locations":[{"start":{"line":25,"column":4},"end":{"line":28,"column":22}}]},"6":{"type":"branch","line":28,"loc":{"start":{"line":28,"column":22},"end":{"line":30,"column":5}},"locations":[{"start":{"line":28,"column":22},"end":{"line":30,"column":5}}]},"7":{"type":"branch","line":30,"loc":{"start":{"line":30,"column":4},"end":{"line":44,"column":24}},"locations":[{"start":{"line":30,"column":4},"end":{"line":44,"column":24}}]},"8":{"type":"branch","line":33,"loc":{"start":{"line":33,"column":12},"end":{"line":38,"column":7}},"locations":[{"start":{"line":33,"column":12},"end":{"line":38,"column":7}}]},"9":{"type":"branch","line":39,"loc":{"start":{"line":39,"column":13},"end":{"line":42,"column":7}},"locations":[{"start":{"line":39,"column":13},"end":{"line":42,"column":7}}]},"10":{"type":"branch","line":47,"loc":{"start":{"line":47,"column":2},"end":{"line":51,"column":3}},"locations":[{"start":{"line":47,"column":2},"end":{"line":51,"column":3}}]}},"b":{"0":[12],"1":[40],"2":[38],"3":[4],"4":[3],"5":[37],"6":[2],"7":[35],"8":[31],"9":[4],"10":[33]},"fnMap":{"0":{"name":"TtlCache","decl":{"start":{"line":12,"column":2},"end":{"line":16,"column":6}},"loc":{"start":{"line":12,"column":2},"end":{"line":16,"column":6}},"line":12},"1":{"name":"get","decl":{"start":{"line":18,"column":2},"end":{"line":45,"column":3}},"loc":{"start":{"line":18,"column":2},"end":{"line":45,"column":3}},"line":18},"2":{"name":"clear","decl":{"start":{"line":47,"column":2},"end":{"line":51,"column":3}},"loc":{"start":{"line":47,"column":2},"end":{"line":51,"column":3}},"line":47}},"f":{"0":12,"1":40,"2":33}}
,"/tmp/workspace/Atena-IT/tokenpricing/libraries/typescript/src/core.ts": {"path":"/tmp/workspace/Atena-IT/tokenpricing/libraries/typescript/src/core.ts","all":false,"statementMap":{"8":{"start":{"line":9,"column":0},"end":{"line":9,"column":43}},"9":{"start":{"line":10,"column":0},"end":{"line":10,"column":64}},"10":{"start":{"line":11,"column":0},"end":{"line":11,"column":46}},"15":{"start":{"line":16,"column":0},"end":{"line":16,"column":33}},"16":{"start":{"line":17,"column":0},"end":{"line":17,"column":18}},"17":{"start":{"line":18,"column":0},"end":{"line":18,"column":19}},"18":{"start":{"line":19,"column":0},"end":{"line":19,"column":25}},"19":{"start":{"line":20,"column":0},"end":{"line":20,"column":38}},"20":{"start":{"line":21,"column":0},"end":{"line":21,"column":37}},"22":{"start":{"line":23,"column":0},"end":{"line":23,"column":15}},"24":{"start":{"line":25,"column":0},"end":{"line":25,"column":62}},"25":{"start":{"line":26,"column":0},"end":{"line":26,"column":52}},"26":{"start":{"line":27,"column":0},"end":{"line":27,"column":56}},"27":{"start":{"line":28,"column":0},"end":{"line":28,"column":40}},"28":{"start":{"line":29,"column":0},"end":{"line":29,"column":5}},"29":{"start":{"line":30,"column":0},"end":{"line":30,"column":36}},"30":{"start":{"line":31,"column":0},"end":{"line":31,"column":14}},"31":{"start":{"line":32,"column":0},"end":{"line":32,"column":31}},"32":{"start":{"line":33,"column":0},"end":{"line":33,"column":19}},"33":{"start":{"line":34,"column":0},"end":{"line":34,"column":6}},"34":{"start":{"line":35,"column":0},"end":{"line":35,"column":21}},"35":{"start":{"line":36,"column":0},"end":{"line":36,"column":22}},"36":{"start":{"line":37,"column":0},"end":{"line":37,"column":75}},"37":{"start":{"line":38,"column":0},"end":{"line":38,"column":8}},"38":{"start":{"line":39,"column":0},"end":{"line":39,"column":5}},"39":{"start":{"line":40,"column":0},"end":{"line":40,"column":51}},"40":{"start":{"line":41,"column":0},"end":{"line":41,"column":3}},"42":{"start":{"line":43,"column":0},"end":{"line":43,"column":40}},"43":{"start":{"line":44,"column":0},"end":{"line":44,"column":25}},"44":{"start":{"line":45,"column":0},"end":{"line":45,"column":40}},"45":{"start":{"line":46,"column":0},"end":{"line":46,"column":3}},"47":{"start":{"line":48,"column":0},"end":{"line":48,"column":40}},"48":{"start":{"line":49,"column":0},"end":{"line":49,"column":10}},"49":{"start":{"line":50,"column":0},"end":{"line":50,"column":60}},"50":{"start":{"line":51,"column":0},"end":{"line":51,"column":62}},"51":{"start":{"line":52,"column":0},"end":{"line":52,"column":24}},"52":{"start":{"line":53,"column":0},"end":{"line":53,"column":59}},"53":{"start":{"line":54,"column":0},"end":{"line":54,"column":51}},"54":{"start":{"line":55,"column":0},"end":{"line":55,"column":19}},"55":{"start":{"line":56,"column":0},"end":{"line":56,"column":54}},"56":{"start":{"line":57,"column":0},"end":{"line":57,"column":28}},"57":{"start":{"line":58,"column":0},"end":{"line":58,"column":63}},"58":{"start":{"line":59,"column":0},"end":{"line":59,"column":55}},"59":{"start":{"line":60,"column":0},"end":{"line":60,"column":19}},"60":{"start":{"line":61,"column":0},"end":{"line":61,"column":58}},"61":{"start":{"line":62,"column":0},"end":{"line":62,"column":21}},"62":{"start":{"line":63,"column":0},"end":{"line":63,"column":4}},"63":{"start":{"line":64,"column":0},"end":{"line":64,"column":1}},"73":{"start":{"line":74,"column":0},"end":{"line":74,"column":34}},"74":{"start":{"line":75,"column":0},"end":{"line":75,"column":18}},"75":{"start":{"line":76,"column":0},"end":{"line":76,"column":22}},"76":{"start":{"line":77,"column":0},"end":{"line":77,"column":23}},"77":{"start":{"line":78,"column":0},"end":{"line":78,"column":19}},"78":{"start":{"line":79,"column":0},"end":{"line":79,"column":35}},"79":{"start":{"line":80,"column":0},"end":{"line":80,"column":20}},"80":{"start":{"line":81,"column":0},"end":{"line":81,"column":55}},"81":{"start":{"line":82,"column":0},"end":{"line":82,"column":63}},"83":{"start":{"line":84,"column":0},"end":{"line":84,"column":6}},"84":{"start":{"line":85,"column":0},"end":{"line":85,"column":22}},"85":{"start":{"line":86,"column":0},"end":{"line":86,"column":23}},"86":{"start":{"line":87,"column":0},"end":{"line":87,"column":26}},"87":{"start":{"line":88,"column":0},"end":{"line":88,"column":27}},"88":{"start":{"line":89,"column":0},"end":{"line":89,"column":5}},"89":{"start":{"line":90,"column":0},"end":{"line":90,"column":57}},"90":{"start":{"line":91,"column":0},"end":{"line":91,"column":3}},"92":{"start":{"line":93,"column":0},"end":{"line":93,"column":54}},"93":{"start":{"line":94,"column":0},"end":{"line":94,"column":31}},"94":{"start":{"line":95,"column":0},"end":{"line":95,"column":73}},"95":{"start":{"line":96,"column":0},"end":{"line":96,"column":76}},"96":{"start":{"line":97,"column":0},"end":{"line":97,"column":23}},"97":{"start":{"line":98,"column":0},"end":{"line":98,"column":45}},"98":{"start":{"line":99,"column":0},"end":{"line":99,"column":9}},"99":{"start":{"line":100,"column":0},"end":{"line":100,"column":69}},"100":{"start":{"line":101,"column":0},"end":{"line":101,"column":27}},"101":{"start":{"line":102,"column":0},"end":{"line":102,"column":49}},"102":{"start":{"line":103,"column":0},"end":{"line":103,"column":9}},"103":{"start":{"line":104,"column":0},"end":{"line":104,"column":77}},"104":{"start":{"line":105,"column":0},"end":{"line":105,"column":68}},"105":{"start":{"line":106,"column":0},"end":{"line":106,"column":1}}},"s":{"8":1,"9":1,"10":1,"15":9,"16":9,"17":9,"18":9,"19":9,"20":9,"22":9,"24":2,"25":2,"26":2,"27":4,"28":4,"29":2,"30":2,"31":2,"32":2,"33":2,"34":2,"35":1,"36":1,"37":1,"38":1,"39":1,"40":1,"42":7,"43":9,"44":4,"45":4,"47":3,"48":3,"49":3,"50":3,"51":3,"52":3,"53":3,"54":0,"55":3,"56":9,"57":9,"58":3,"59":0,"60":3,"61":9,"62":9,"63":9,"73":6,"74":6,"75":6,"76":6,"77":6,"78":6,"79":6,"80":6,"81":6,"83":6,"84":6,"85":5,"86":5,"87":4,"88":6,"89":2,"90":2,"92":4,"93":4,"94":4,"95":4,"96":4,"97":4,"98":0,"99":4,"100":6,"101":6,"102":0,"103":4,"104":6,"105":6},"branchMap":{"0":{"type":"branch","line":16,"loc":{"start":{"line":16,"column":0},"end":{"line":64,"column":1}},"locations":[{"start":{"line":16,"column":0},"end":{"line":64,"column":1}}]},"1":{"type":"branch","line":23,"loc":{"start":{"line":23,"column":14},"end":{"line":41,"column":3}},"locations":[{"start":{"line":23,"column":14},"end":{"line":41,"column":3}}]},"2":{"type":"branch","line":27,"loc":{"start":{"line":27,"column":55},"end":{"line":29,"column":5}},"locations":[{"start":{"line":27,"column":55},"end":{"line":29,"column":5}}]},"3":{"type":"branch","line":35,"loc":{"start":{"line":35,"column":20},"end":{"line":41,"column":3}},"locations":[{"start":{"line":35,"column":20},"end":{"line":41,"column":3}}]},"4":{"type":"branch","line":41,"loc":{"start":{"line":41,"column":2},"end":{"line":44,"column":24}},"locations":[{"start":{"line":41,"column":2},"end":{"line":44,"column":24}}]},"5":{"type":"branch","line":44,"loc":{"start":{"line":44,"column":24},"end":{"line":46,"column":3}},"locations":[{"start":{"line":44,"column":24},"end":{"line":46,"column":3}}]},"6":{"type":"branch","line":46,"loc":{"start":{"line":46,"column":2},"end":{"line":54,"column":51}},"locations":[{"start":{"line":46,"column":2},"end":{"line":54,"column":51}}]},"7":{"type":"branch","line":54,"loc":{"start":{"line":54,"column":47},"end":{"line":55,"column":19}},"locations":[{"start":{"line":54,"column":47},"end":{"line":55,"column":19}}]},"8":{"type":"branch","line":55,"loc":{"start":{"line":55,"column":10},"end":{"line":56,"column":54}},"locations":[{"start":{"line":55,"column":10},"end":{"line":56,"column":54}}]},"9":{"type":"branch","line":58,"loc":{"start":{"line":58,"column":51},"end":{"line":59,"column":55}},"locations":[{"start":{"line":58,"column":51},"end":{"line":59,"column":55}}]},"10":{"type":"branch","line":59,"loc":{"start":{"line":59,"column":51},"end":{"line":60,"column":19}},"locations":[{"start":{"line":59,"column":51},"end":{"line":60,"column":19}}]},"11":{"type":"branch","line":60,"loc":{"start":{"line":60,"column":10},"end":{"line":61,"column":58}},"locations":[{"start":{"line":60,"column":10},"end":{"line":61,"column":58}}]},"12":{"type":"branch","line":74,"loc":{"start":{"line":74,"column":0},"end":{"line":106,"column":1}},"locations":[{"start":{"line":74,"column":0},"end":{"line":106,"column":1}}]},"13":{"type":"branch","line":81,"loc":{"start":{"line":81,"column":34},"end":{"line":81,"column":55}},"locations":[{"start":{"line":81,"column":34},"end":{"line":81,"column":55}}]},"14":{"type":"branch","line":82,"loc":{"start":{"line":82,"column":38},"end":{"line":82,"column":63}},"locations":[{"start":{"line":82,"column":38},"end":{"line":82,"column":63}}]},"15":{"type":"branch","line":85,"loc":{"start":{"line":85,"column":18},"end":{"line":86,"column":23}},"locations":[{"start":{"line":85,"column":18},"end":{"line":86,"column":23}}]},"16":{"type":"branch","line":86,"loc":{"start":{"line":86,"column":19},"end":{"line":87,"column":26}},"locations":[{"start":{"line":86,"column":19},"end":{"line":87,"column":26}}]},"17":{"type":"branch","line":87,"loc":{"start":{"line":87,"column":22},"end":{"line":88,"column":27}},"locations":[{"start":{"line":87,"column":22},"end":{"line":88,"column":27}}]},"18":{"type":"branch","line":89,"loc":{"start":{"line":89,"column":4},"end":{"line":91,"column":3}},"locations":[{"start":{"line":89,"column":4},"end":{"line":91,"column":3}}]},"19":{"type":"branch","line":91,"loc":{"start":{"line":91,"column":2},"end":{"line":98,"column":45}},"locations":[{"start":{"line":91,"column":2},"end":{"line":98,"column":45}}]},"20":{"type":"branch","line":98,"loc":{"start":{"line":98,"column":36},"end":{"line":99,"column":9}},"locations":[{"start":{"line":98,"column":36},"end":{"line":99,"column":9}}]},"21":{"type":"branch","line":99,"loc":{"start":{"line":99,"column":8},"end":{"line":100,"column":69}},"locations":[{"start":{"line":99,"column":8},"end":{"line":100,"column":69}}]},"22":{"type":"branch","line":102,"loc":{"start":{"line":102,"column":40},"end":{"line":103,"column":9}},"locations":[{"start":{"line":102,"column":40},"end":{"line":103,"column":9}}]},"23":{"type":"branch","line":103,"loc":{"start":{"line":103,"column":8},"end":{"line":104,"column":77}},"locations":[{"start":{"line":103,"column":8},"end":{"line":104,"column":77}}]}},"b":{"0":[9],"1":[2],"2":[4],"3":[1],"4":[7],"5":[4],"6":[3],"7":[0],"8":[3],"9":[3],"10":[0],"11":[3],"12":[6],"13":[4],"14":[5],"15":[5],"16":[5],"17":[4],"18":[2],"19":[4],"20":[0],"21":[4],"22":[0],"23":[4]},"fnMap":{"0":{"name":"getPricing","decl":{"start":{"line":16,"column":0},"end":{"line":64,"column":1}},"loc":{"start":{"line":16,"column":0},"end":{"line":64,"column":1}},"line":16},"1":{"name":"computeCost","decl":{"start":{"line":74,"column":0},"end":{"line":106,"column":1}},"loc":{"start":{"line":74,"column":0},"end":{"line":106,"column":1}},"line":74}},"f":{"0":9,"1":6}}
,"/tmp/workspace/Atena-IT/tokenpricing/libraries/typescript/src/currency.ts": {"path":"/tmp/workspace/Atena-IT/tokenpricing/libraries/typescript/src/currency.ts","all":false,"statementMap":{"7":{"start":{"line":8,"column":0},"end":{"line":8,"column":38}},"9":{"start":{"line":10,"column":0},"end":{"line":10,"column":41}},"10":{"start":{"line":11,"column":0},"end":{"line":11,"column":25}},"11":{"start":{"line":12,"column":0},"end":{"line":12,"column":120}},"15":{"start":{"line":16,"column":0},"end":{"line":16,"column":51}},"16":{"start":{"line":17,"column":0},"end":{"line":17,"column":47}},"17":{"start":{"line":18,"column":0},"end":{"line":18,"column":21}},"18":{"start":{"line":19,"column":0},"end":{"line":19,"column":20}},"19":{"start":{"line":20,"column":0},"end":{"line":20,"column":77}},"20":{"start":{"line":21,"column":0},"end":{"line":21,"column":6}},"21":{"start":{"line":22,"column":0},"end":{"line":22,"column":3}},"22":{"start":{"line":23,"column":0},"end":{"line":23,"column":66}},"23":{"start":{"line":24,"column":0},"end":{"line":24,"column":33}},"25":{"start":{"line":26,"column":0},"end":{"line":26,"column":52}},"26":{"start":{"line":27,"column":0},"end":{"line":27,"column":61}},"27":{"start":{"line":28,"column":0},"end":{"line":28,"column":3}},"29":{"start":{"line":30,"column":0},"end":{"line":30,"column":29}},"30":{"start":{"line":31,"column":0},"end":{"line":31,"column":79}},"31":{"start":{"line":32,"column":0},"end":{"line":32,"column":34}},"32":{"start":{"line":33,"column":0},"end":{"line":33,"column":38}},"33":{"start":{"line":34,"column":0},"end":{"line":34,"column":5}},"34":{"start":{"line":35,"column":0},"end":{"line":35,"column":3}},"35":{"start":{"line":36,"column":0},"end":{"line":36,"column":15}},"36":{"start":{"line":37,"column":0},"end":{"line":37,"column":1}},"38":{"start":{"line":39,"column":0},"end":{"line":39,"column":71}},"43":{"start":{"line":44,"column":0},"end":{"line":44,"column":76}},"44":{"start":{"line":45,"column":0},"end":{"line":45,"column":38}},"45":{"start":{"line":46,"column":0},"end":{"line":46,"column":1}},"50":{"start":{"line":51,"column":0},"end":{"line":51,"column":69}},"51":{"start":{"line":52,"column":0},"end":{"line":52,"column":38}},"52":{"start":{"line":53,"column":0},"end":{"line":53,"column":23}},"53":{"start":{"line":54,"column":0},"end":{"line":54,"column":13}},"54":{"start":{"line":55,"column":0},"end":{"line":55,"column":3}},"56":{"start":{"line":57,"column":0},"end":{"line":57,"column":36}},"57":{"start":{"line":58,"column":0},"end":{"line":58,"column":22}},"58":{"start":{"line":59,"column":0},"end":{"line":59,"column":23}},"59":{"start":{"line":60,"column":0},"end":{"line":60,"column":3}},"62":{"start":{"line":63,"column":0},"end":{"line":63,"column":63}},"63":{"start":{"line":64,"column":0},"end":{"line":64,"column":58}},"64":{"start":{"line":65,"column":0},"end":{"line":65,"column":14}},"65":{"start":{"line":66,"column":0},"end":{"line":66,"column":20}},"66":{"start":{"line":67,"column":0},"end":{"line":67,"column":74}},"67":{"start":{"line":68,"column":0},"end":{"line":68,"column":6}},"68":{"start":{"line":69,"column":0},"end":{"line":69,"column":3}},"69":{"start":{"line":70,"column":0},"end":{"line":70,"column":55}},"70":{"start":{"line":71,"column":0},"end":{"line":71,"column":1}},"75":{"start":{"line":76,"column":0},"end":{"line":76,"column":41}},"76":{"start":{"line":77,"column":0},"end":{"line":77,"column":21}},"77":{"start":{"line":78,"column":0},"end":{"line":78,"column":1}}},"s":{"7":1,"9":1,"10":1,"11":1,"15":9,"16":9,"17":9,"18":1,"19":1,"20":1,"21":1,"22":8,"23":8,"25":9,"26":0,"27":0,"29":8,"30":9,"31":26,"32":26,"33":26,"34":26,"35":8,"36":8,"38":1,"43":10,"44":10,"45":10,"50":8,"51":8,"52":8,"53":2,"54":2,"56":6,"57":8,"58":4,"59":4,"62":2,"63":2,"64":5,"65":1,"66":1,"67":1,"68":1,"69":1,"70":1,"75":1,"76":18,"77":18},"branchMap":{"0":{"type":"branch","line":16,"loc":{"start":{"line":16,"column":0},"end":{"line":37,"column":1}},"locations":[{"start":{"line":16,"column":0},"end":{"line":37,"column":1}}]},"1":{"type":"branch","line":18,"loc":{"start":{"line":18,"column":20},"end":{"line":22,"column":3}},"locations":[{"start":{"line":18,"column":20},"end":{"line":22,"column":3}}]},"2":{"type":"branch","line":22,"loc":{"start":{"line":22,"column":2},"end":{"line":26,"column":51}},"locations":[{"start":{"line":22,"column":2},"end":{"line":26,"column":51}}]},"3":{"type":"branch","line":26,"loc":{"start":{"line":26,"column":51},"end":{"line":28,"column":3}},"locations":[{"start":{"line":26,"column":51},"end":{"line":28,"column":3}}]},"4":{"type":"branch","line":28,"loc":{"start":{"line":28,"column":2},"end":{"line":31,"column":78}},"locations":[{"start":{"line":28,"column":2},"end":{"line":31,"column":78}}]},"5":{"type":"branch","line":31,"loc":{"start":{"line":31,"column":78},"end":{"line":35,"column":3}},"locations":[{"start":{"line":31,"column":78},"end":{"line":35,"column":3}}]},"6":{"type":"branch","line":35,"loc":{"start":{"line":35,"column":2},"end":{"line":37,"column":1}},"locations":[{"start":{"line":35,"column":2},"end":{"line":37,"column":1}}]},"7":{"type":"branch","line":44,"loc":{"start":{"line":44,"column":0},"end":{"line":46,"column":1}},"locations":[{"start":{"line":44,"column":0},"end":{"line":46,"column":1}}]},"8":{"type":"branch","line":51,"loc":{"start":{"line":51,"column":0},"end":{"line":71,"column":1}},"locations":[{"start":{"line":51,"column":0},"end":{"line":71,"column":1}}]},"9":{"type":"branch","line":53,"loc":{"start":{"line":53,"column":22},"end":{"line":55,"column":3}},"locations":[{"start":{"line":53,"column":22},"end":{"line":55,"column":3}}]},"10":{"type":"branch","line":55,"loc":{"start":{"line":55,"column":2},"end":{"line":58,"column":21}},"locations":[{"start":{"line":55,"column":2},"end":{"line":58,"column":21}}]},"11":{"type":"branch","line":58,"loc":{"start":{"line":58,"column":21},"end":{"line":60,"column":3}},"locations":[{"start":{"line":58,"column":21},"end":{"line":60,"column":3}}]},"12":{"type":"branch","line":60,"loc":{"start":{"line":60,"column":2},"end":{"line":71,"column":1}},"locations":[{"start":{"line":60,"column":2},"end":{"line":71,"column":1}}]},"13":{"type":"branch","line":60,"loc":{"start":{"line":60,"column":2},"end":{"line":65,"column":13}},"locations":[{"start":{"line":60,"column":2},"end":{"line":65,"column":13}}]},"14":{"type":"branch","line":65,"loc":{"start":{"line":65,"column":13},"end":{"line":71,"column":1}},"locations":[{"start":{"line":65,"column":13},"end":{"line":71,"column":1}}]},"15":{"type":"branch","line":76,"loc":{"start":{"line":76,"column":7},"end":{"line":78,"column":1}},"locations":[{"start":{"line":76,"column":7},"end":{"line":78,"column":1}}]}},"b":{"0":[9],"1":[1],"2":[8],"3":[0],"4":[8],"5":[26],"6":[8],"7":[10],"8":[8],"9":[2],"10":[6],"11":[4],"12":[5],"13":[2],"14":[1],"15":[18]},"fnMap":{"0":{"name":"fetchUsdRates","decl":{"start":{"line":16,"column":0},"end":{"line":37,"column":1}},"loc":{"start":{"line":16,"column":0},"end":{"line":37,"column":1}},"line":16},"1":{"name":"getUsdRates","decl":{"start":{"line":44,"column":0},"end":{"line":46,"column":1}},"loc":{"start":{"line":44,"column":0},"end":{"line":46,"column":1}},"line":44},"2":{"name":"getUsdRate","decl":{"start":{"line":51,"column":0},"end":{"line":71,"column":1}},"loc":{"start":{"line":51,"column":0},"end":{"line":71,"column":1}},"line":51},"3":{"name":"clearRatesCache","decl":{"start":{"line":76,"column":7},"end":{"line":78,"column":1}},"loc":{"start":{"line":76,"column":7},"end":{"line":78,"column":1}},"line":76}},"f":{"0":9,"1":10,"2":8,"3":18}}
,"/tmp/workspace/Atena-IT/tokenpricing/libraries/typescript/src/index.ts": {"path":"/tmp/workspace/Atena-IT/tokenpricing/libraries/typescript/src/index.ts","all":true,"statementMap":{"11":{"start":{"line":12,"column":0},"end":{"line":12,"column":52}}},"s":{"11":0},"branchMap":{"0":{"type":"branch","line":1,"loc":{"start":{"line":1,"column":502},"end":{"line":13,"column":49}},"locations":[{"start":{"line":1,"column":502},"end":{"line":13,"column":49}}]}},"b":{"0":[1]},"fnMap":{"0":{"name":"(empty-report)","decl":{"start":{"line":1,"column":502},"end":{"line":13,"column":49}},"loc":{"start":{"line":1,"column":502},"end":{"line":13,"column":49}},"line":1}},"f":{"0":1}}
,"/tmp/workspace/Atena-IT/tokenpricing/libraries/typescript/src/modeling.ts": {"path":"/tmp/workspace/Atena-IT/tokenpricing/libraries/typescript/src/modeling.ts","all":false,"statementMap":{"76":{"start":{"line":77,"column":0},"end":{"line":77,"column":65}},"77":{"start":{"line":78,"column":0},"end":{"line":78,"column":50}},"78":{"start":{"line":79,"column":0},"end":{"line":79,"column":61}},"79":{"start":{"line":80,"column":0},"end":{"line":80,"column":3}},"81":{"start":{"line":82,"column":0},"end":{"line":82,"column":46}},"83":{"start":{"line":84,"column":0},"end":{"line":84,"column":45}},"84":{"start":{"line":85,"column":0},"end":{"line":85,"column":66}},"85":{"start":{"line":86,"column":0},"end":{"line":86,"column":3}},"86":{"start":{"line":87,"column":0},"end":{"line":87,"column":62}},"87":{"start":{"line":88,"column":0},"end":{"line":88,"column":60}},"88":{"start":{"line":89,"column":0},"end":{"line":89,"column":3}},"89":{"start":{"line":90,"column":0},"end":{"line":90,"column":68}},"90":{"start":{"line":91,"column":0},"end":{"line":91,"column":63}},"91":{"start":{"line":92,"column":0},"end":{"line":92,"column":3}},"92":{"start":{"line":93,"column":0},"end":{"line":93,"column":66}},"93":{"start":{"line":94,"column":0},"end":{"line":94,"column":62}},"94":{"start":{"line":95,"column":0},"end":{"line":95,"column":3}},"96":{"start":{"line":97,"column":0},"end":{"line":97,"column":32}},"97":{"start":{"line":98,"column":0},"end":{"line":98,"column":1}},"102":{"start":{"line":103,"column":0},"end":{"line":103,"column":30}},"103":{"start":{"line":104,"column":0},"end":{"line":104,"column":22}},"104":{"start":{"line":105,"column":0},"end":{"line":105,"column":20}},"105":{"start":{"line":106,"column":0},"end":{"line":106,"column":16}},"106":{"start":{"line":107,"column":0},"end":{"line":107,"column":10}},"107":{"start":{"line":108,"column":0},"end":{"line":108,"column":43}},"108":{"start":{"line":109,"column":0},"end":{"line":109,"column":45}},"109":{"start":{"line":110,"column":0},"end":{"line":110,"column":65}},"110":{"start":{"line":111,"column":0},"end":{"line":111,"column":73}},"111":{"start":{"line":112,"column":0},"end":{"line":112,"column":39}},"112":{"start":{"line":113,"column":0},"end":{"line":113,"column":4}},"113":{"start":{"line":114,"column":0},"end":{"line":114,"column":1}}},"s":{"76":1,"77":21,"78":3,"79":3,"81":18,"83":21,"84":1,"85":1,"86":21,"87":1,"88":1,"89":21,"90":1,"91":1,"92":21,"93":1,"94":1,"96":14,"97":14,"102":1,"103":6,"104":6,"105":6,"106":6,"107":6,"108":6,"109":6,"110":6,"111":6,"112":6,"113":6},"branchMap":{"0":{"type":"branch","line":77,"loc":{"start":{"line":77,"column":7},"end":{"line":98,"column":1}},"locations":[{"start":{"line":77,"column":7},"end":{"line":98,"column":1}}]},"1":{"type":"branch","line":78,"loc":{"start":{"line":78,"column":22},"end":{"line":78,"column":49}},"locations":[{"start":{"line":78,"column":22},"end":{"line":78,"column":49}}]},"2":{"type":"branch","line":78,"loc":{"start":{"line":78,"column":49},"end":{"line":80,"column":3}},"locations":[{"start":{"line":78,"column":49},"end":{"line":80,"column":3}}]},"3":{"type":"branch","line":80,"loc":{"start":{"line":80,"column":2},"end":{"line":84,"column":44}},"locations":[{"start":{"line":80,"column":2},"end":{"line":84,"column":44}}]},"4":{"type":"branch","line":84,"loc":{"start":{"line":84,"column":44},"end":{"line":86,"column":3}},"locations":[{"start":{"line":84,"column":44},"end":{"line":86,"column":3}}]},"5":{"type":"branch","line":86,"loc":{"start":{"line":86,"column":2},"end":{"line":87,"column":40}},"locations":[{"start":{"line":86,"column":2},"end":{"line":87,"column":40}}]},"6":{"type":"branch","line":87,"loc":{"start":{"line":87,"column":28},"end":{"line":87,"column":61}},"locations":[{"start":{"line":87,"column":28},"end":{"line":87,"column":61}}]},"7":{"type":"branch","line":87,"loc":{"start":{"line":87,"column":61},"end":{"line":89,"column":3}},"locations":[{"start":{"line":87,"column":61},"end":{"line":89,"column":3}}]},"8":{"type":"branch","line":89,"loc":{"start":{"line":89,"column":2},"end":{"line":90,"column":43}},"locations":[{"start":{"line":89,"column":2},"end":{"line":90,"column":43}}]},"9":{"type":"branch","line":90,"loc":{"start":{"line":90,"column":31},"end":{"line":90,"column":67}},"locations":[{"start":{"line":90,"column":31},"end":{"line":90,"column":67}}]},"10":{"type":"branch","line":90,"loc":{"start":{"line":90,"column":67},"end":{"line":92,"column":3}},"locations":[{"start":{"line":90,"column":67},"end":{"line":92,"column":3}}]},"11":{"type":"branch","line":92,"loc":{"start":{"line":92,"column":2},"end":{"line":93,"column":42}},"locations":[{"start":{"line":92,"column":2},"end":{"line":93,"column":42}}]},"12":{"type":"branch","line":93,"loc":{"start":{"line":93,"column":30},"end":{"line":93,"column":65}},"locations":[{"start":{"line":93,"column":30},"end":{"line":93,"column":65}}]},"13":{"type":"branch","line":93,"loc":{"start":{"line":93,"column":65},"end":{"line":98,"column":1}},"locations":[{"start":{"line":93,"column":65},"end":{"line":98,"column":1}}]},"14":{"type":"branch","line":93,"loc":{"start":{"line":93,"column":65},"end":{"line":95,"column":3}},"locations":[{"start":{"line":93,"column":65},"end":{"line":95,"column":3}}]},"15":{"type":"branch","line":103,"loc":{"start":{"line":103,"column":7},"end":{"line":114,"column":1}},"locations":[{"start":{"line":103,"column":7},"end":{"line":114,"column":1}}]},"16":{"type":"branch","line":110,"loc":{"start":{"line":110,"column":29},"end":{"line":110,"column":65}},"locations":[{"start":{"line":110,"column":29},"end":{"line":110,"column":65}}]},"17":{"type":"branch","line":111,"loc":{"start":{"line":111,"column":33},"end":{"line":111,"column":73}},"locations":[{"start":{"line":111,"column":33},"end":{"line":111,"column":73}}]},"18":{"type":"branch","line":112,"loc":{"start":{"line":112,"column":14},"end":{"line":112,"column":39}},"locations":[{"start":{"line":112,"column":14},"end":{"line":112,"column":39}}]}},"b":{"0":[21],"1":[19],"2":[3],"3":[18],"4":[1],"5":[17],"6":[16],"7":[1],"8":[16],"9":[15],"10":[1],"11":[15],"12":[14],"13":[14],"14":[1],"15":[6],"16":[2],"17":[2],"18":[5]},"fnMap":{"0":{"name":"parsePricingData","decl":{"start":{"line":77,"column":7},"end":{"line":98,"column":1}},"loc":{"start":{"line":77,"column":7},"end":{"line":98,"column":1}},"line":77},"1":{"name":"toPricingInfo","decl":{"start":{"line":103,"column":7},"end":{"line":114,"column":1}},"loc":{"start":{"line":103,"column":7},"end":{"line":114,"column":1}},"line":103}},"f":{"0":21,"1":6}}
,"/tmp/workspace/Atena-IT/tokenpricing/libraries/typescript/src/pricing.ts": {"path":"/tmp/workspace/Atena-IT/tokenpricing/libraries/typescript/src/pricing.ts","all":false,"statementMap":{"6":{"start":{"line":7,"column":0},"end":{"line":7,"column":38}},"7":{"start":{"line":8,"column":0},"end":{"line":8,"column":70}},"10":{"start":{"line":11,"column":0},"end":{"line":11,"column":29}},"11":{"start":{"line":12,"column":0},"end":{"line":12,"column":90}},"14":{"start":{"line":15,"column":0},"end":{"line":15,"column":40}},"16":{"start":{"line":17,"column":0},"end":{"line":17,"column":60}},"17":{"start":{"line":18,"column":0},"end":{"line":18,"column":54}},"18":{"start":{"line":19,"column":0},"end":{"line":19,"column":21}},"19":{"start":{"line":20,"column":0},"end":{"line":20,"column":20}},"20":{"start":{"line":21,"column":0},"end":{"line":21,"column":80}},"21":{"start":{"line":22,"column":0},"end":{"line":22,"column":6}},"22":{"start":{"line":23,"column":0},"end":{"line":23,"column":3}},"23":{"start":{"line":24,"column":0},"end":{"line":24,"column":46}},"24":{"start":{"line":25,"column":0},"end":{"line":25,"column":32}},"25":{"start":{"line":26,"column":0},"end":{"line":26,"column":1}},"27":{"start":{"line":28,"column":0},"end":{"line":28,"column":50}},"28":{"start":{"line":29,"column":0},"end":{"line":29,"column":15}},"29":{"start":{"line":30,"column":0},"end":{"line":30,"column":19}},"30":{"start":{"line":31,"column":0},"end":{"line":31,"column":2}},"35":{"start":{"line":36,"column":0},"end":{"line":36,"column":37}},"36":{"start":{"line":37,"column":0},"end":{"line":37,"column":23}},"37":{"start":{"line":38,"column":0},"end":{"line":38,"column":28}},"38":{"start":{"line":39,"column":0},"end":{"line":39,"column":40}},"39":{"start":{"line":40,"column":0},"end":{"line":40,"column":1}},"44":{"start":{"line":45,"column":0},"end":{"line":45,"column":43}},"45":{"start":{"line":46,"column":0},"end":{"line":46,"column":23}},"46":{"start":{"line":47,"column":0},"end":{"line":47,"column":1}}},"s":{"6":1,"7":1,"10":1,"11":1,"14":1,"16":14,"17":14,"18":14,"19":1,"20":1,"21":1,"22":1,"23":13,"24":13,"25":13,"27":1,"28":1,"29":1,"30":1,"35":15,"36":15,"37":15,"38":15,"39":15,"44":1,"45":14,"46":14},"branchMap":{"0":{"type":"branch","line":17,"loc":{"start":{"line":17,"column":0},"end":{"line":26,"column":1}},"locations":[{"start":{"line":17,"column":0},"end":{"line":26,"column":1}}]},"1":{"type":"branch","line":19,"loc":{"start":{"line":19,"column":20},"end":{"line":23,"column":3}},"locations":[{"start":{"line":19,"column":20},"end":{"line":23,"column":3}}]},"2":{"type":"branch","line":23,"loc":{"start":{"line":23,"column":2},"end":{"line":26,"column":1}},"locations":[{"start":{"line":23,"column":2},"end":{"line":26,"column":1}}]},"3":{"type":"branch","line":36,"loc":{"start":{"line":36,"column":0},"end":{"line":40,"column":1}},"locations":[{"start":{"line":36,"column":0},"end":{"line":40,"column":1}}]},"4":{"type":"branch","line":45,"loc":{"start":{"line":45,"column":7},"end":{"line":47,"column":1}},"locations":[{"start":{"line":45,"column":7},"end":{"line":47,"column":1}}]}},"b":{"0":[14],"1":[1],"2":[13],"3":[15],"4":[14]},"fnMap":{"0":{"name":"fetchPricingData","decl":{"start":{"line":17,"column":0},"end":{"line":26,"column":1}},"loc":{"start":{"line":17,"column":0},"end":{"line":26,"column":1}},"line":17},"1":{"name":"getPricingData","decl":{"start":{"line":36,"column":0},"end":{"line":40,"column":1}},"loc":{"start":{"line":36,"column":0},"end":{"line":40,"column":1}},"line":36},"2":{"name":"clearPricingCache","decl":{"start":{"line":45,"column":7},"end":{"line":47,"column":1}},"loc":{"start":{"line":45,"column":7},"end":{"line":47,"column":1}},"line":45}},"f":{"0":14,"1":15,"2":14}}
,"/tmp/workspace/Atena-IT/tokenpricing/libraries/typescript/src/suggestions.ts": {"path":"/tmp/workspace/Atena-IT/tokenpricing/libraries/typescript/src/suggestions.ts","all":false,"statementMap":{"7":{"start":{"line":8,"column":0},"end":{"line":8,"column":27}},"9":{"start":{"line":10,"column":0},"end":{"line":10,"column":35}},"20":{"start":{"line":21,"column":0},"end":{"line":21,"column":52}},"21":{"start":{"line":22,"column":0},"end":{"line":22,"column":43}},"22":{"start":{"line":23,"column":0},"end":{"line":23,"column":1}},"27":{"start":{"line":28,"column":0},"end":{"line":28,"column":29}},"28":{"start":{"line":29,"column":0},"end":{"line":29,"column":16}},"29":{"start":{"line":30,"column":0},"end":{"line":30,"column":20}},"30":{"start":{"line":31,"column":0},"end":{"line":31,"column":38}},"31":{"start":{"line":32,"column":0},"end":{"line":32,"column":22}},"32":{"start":{"line":33,"column":0},"end":{"line":33,"column":40}},"35":{"start":{"line":36,"column":0},"end":{"line":36,"column":41}},"36":{"start":{"line":37,"column":0},"end":{"line":37,"column":33}},"37":{"start":{"line":38,"column":0},"end":{"line":38,"column":46}},"38":{"start":{"line":39,"column":0},"end":{"line":39,"column":50}},"39":{"start":{"line":40,"column":0},"end":{"line":40,"column":5}},"40":{"start":{"line":41,"column":0},"end":{"line":41,"column":3}},"42":{"start":{"line":43,"column":0},"end":{"line":43,"column":34}},"43":{"start":{"line":44,"column":0},"end":{"line":44,"column":23}},"44":{"start":{"line":45,"column":0},"end":{"line":45,"column":78}},"45":{"start":{"line":46,"column":0},"end":{"line":46,"column":5}},"47":{"start":{"line":48,"column":0},"end":{"line":48,"column":37}},"48":{"start":{"line":49,"column":0},"end":{"line":49,"column":40}},"50":{"start":{"line":51,"column":0},"end":{"line":51,"column":26}},"51":{"start":{"line":52,"column":0},"end":{"line":52,"column":48}},"52":{"start":{"line":53,"column":0},"end":{"line":53,"column":37}},"54":{"start":{"line":55,"column":0},"end":{"line":55,"column":44}},"55":{"start":{"line":56,"column":0},"end":{"line":56,"column":1}},"60":{"start":{"line":61,"column":0},"end":{"line":61,"column":29}},"61":{"start":{"line":62,"column":0},"end":{"line":62,"column":16}},"62":{"start":{"line":63,"column":0},"end":{"line":63,"column":21}},"63":{"start":{"line":64,"column":0},"end":{"line":64,"column":40}},"64":{"start":{"line":65,"column":0},"end":{"line":65,"column":38}},"65":{"start":{"line":66,"column":0},"end":{"line":66,"column":22}},"66":{"start":{"line":67,"column":0},"end":{"line":67,"column":41}},"69":{"start":{"line":70,"column":0},"end":{"line":70,"column":37}},"70":{"start":{"line":71,"column":0},"end":{"line":71,"column":23}},"71":{"start":{"line":72,"column":0},"end":{"line":72,"column":35}},"72":{"start":{"line":73,"column":0},"end":{"line":73,"column":5}},"73":{"start":{"line":74,"column":0},"end":{"line":74,"column":41}},"76":{"start":{"line":77,"column":0},"end":{"line":77,"column":67}},"77":{"start":{"line":78,"column":0},"end":{"line":78,"column":21}},"78":{"start":{"line":79,"column":0},"end":{"line":79,"column":47}},"79":{"start":{"line":80,"column":0},"end":{"line":80,"column":31}},"80":{"start":{"line":81,"column":0},"end":{"line":81,"column":60}},"81":{"start":{"line":82,"column":0},"end":{"line":82,"column":29}},"82":{"start":{"line":83,"column":0},"end":{"line":83,"column":23}},"83":{"start":{"line":84,"column":0},"end":{"line":84,"column":5}},"84":{"start":{"line":85,"column":0},"end":{"line":85,"column":38}},"85":{"start":{"line":86,"column":0},"end":{"line":86,"column":25}},"86":{"start":{"line":87,"column":0},"end":{"line":87,"column":37}},"87":{"start":{"line":88,"column":0},"end":{"line":88,"column":7}},"88":{"start":{"line":89,"column":0},"end":{"line":89,"column":47}},"89":{"start":{"line":90,"column":0},"end":{"line":90,"column":33}},"90":{"start":{"line":91,"column":0},"end":{"line":91,"column":34}},"91":{"start":{"line":92,"column":0},"end":{"line":92,"column":49}},"92":{"start":{"line":93,"column":0},"end":{"line":93,"column":23}},"93":{"start":{"line":94,"column":0},"end":{"line":94,"column":22}},"94":{"start":{"line":95,"column":0},"end":{"line":95,"column":30}},"95":{"start":{"line":96,"column":0},"end":{"line":96,"column":49}},"96":{"start":{"line":97,"column":0},"end":{"line":97,"column":10}},"97":{"start":{"line":98,"column":0},"end":{"line":98,"column":7}},"98":{"start":{"line":99,"column":0},"end":{"line":99,"column":5}},"99":{"start":{"line":100,"column":0},"end":{"line":100,"column":3}},"101":{"start":{"line":102,"column":0},"end":{"line":102,"column":16}},"102":{"start":{"line":103,"column":0},"end":{"line":103,"column":24}},"103":{"start":{"line":104,"column":0},"end":{"line":104,"column":9}},"104":{"start":{"line":105,"column":0},"end":{"line":105,"column":37}},"105":{"start":{"line":106,"column":0},"end":{"line":106,"column":57}},"106":{"start":{"line":107,"column":0},"end":{"line":107,"column":9}},"107":{"start":{"line":108,"column":0},"end":{"line":108,"column":13}},"110":{"start":{"line":111,"column":0},"end":{"line":111,"column":29}},"111":{"start":{"line":112,"column":0},"end":{"line":112,"column":43}},"112":{"start":{"line":113,"column":0},"end":{"line":113,"column":38}},"113":{"start":{"line":114,"column":0},"end":{"line":114,"column":63}},"114":{"start":{"line":115,"column":0},"end":{"line":115,"column":15}},"115":{"start":{"line":116,"column":0},"end":{"line":116,"column":5}},"116":{"start":{"line":117,"column":0},"end":{"line":117,"column":40}},"117":{"start":{"line":118,"column":0},"end":{"line":118,"column":69}},"118":{"start":{"line":119,"column":0},"end":{"line":119,"column":13}},"119":{"start":{"line":120,"column":0},"end":{"line":120,"column":3}},"121":{"start":{"line":122,"column":0},"end":{"line":122,"column":44}},"122":{"start":{"line":123,"column":0},"end":{"line":123,"column":65}},"123":{"start":{"line":124,"column":0},"end":{"line":124,"column":3}},"125":{"start":{"line":126,"column":0},"end":{"line":126,"column":52}},"126":{"start":{"line":127,"column":0},"end":{"line":127,"column":73}},"127":{"start":{"line":128,"column":0},"end":{"line":128,"column":3}},"129":{"start":{"line":130,"column":0},"end":{"line":130,"column":14}},"130":{"start":{"line":131,"column":0},"end":{"line":131,"column":1}},"135":{"start":{"line":136,"column":0},"end":{"line":136,"column":32}},"136":{"start":{"line":137,"column":0},"end":{"line":137,"column":16}},"137":{"start":{"line":138,"column":0},"end":{"line":138,"column":26}},"138":{"start":{"line":139,"column":0},"end":{"line":139,"column":38}},"139":{"start":{"line":140,"column":0},"end":{"line":140,"column":22}},"140":{"start":{"line":141,"column":0},"end":{"line":141,"column":46}},"142":{"start":{"line":143,"column":0},"end":{"line":143,"column":48}},"143":{"start":{"line":144,"column":0},"end":{"line":144,"column":63}},"145":{"start":{"line":146,"column":0},"end":{"line":146,"column":37}},"146":{"start":{"line":147,"column":0},"end":{"line":147,"column":23}},"147":{"start":{"line":148,"column":0},"end":{"line":148,"column":35}},"148":{"start":{"line":149,"column":0},"end":{"line":149,"column":5}},"149":{"start":{"line":150,"column":0},"end":{"line":150,"column":42}},"151":{"start":{"line":152,"column":0},"end":{"line":152,"column":37}},"152":{"start":{"line":153,"column":0},"end":{"line":153,"column":10}},"153":{"start":{"line":154,"column":0},"end":{"line":154,"column":10}},"154":{"start":{"line":155,"column":0},"end":{"line":155,"column":10}},"155":{"start":{"line":156,"column":0},"end":{"line":156,"column":10}},"156":{"start":{"line":157,"column":0},"end":{"line":157,"column":10}},"157":{"start":{"line":158,"column":0},"end":{"line":158,"column":10}},"158":{"start":{"line":159,"column":0},"end":{"line":159,"column":10}},"159":{"start":{"line":160,"column":0},"end":{"line":160,"column":10}},"160":{"start":{"line":161,"column":0},"end":{"line":161,"column":10}},"161":{"start":{"line":162,"column":0},"end":{"line":162,"column":5}},"163":{"start":{"line":164,"column":0},"end":{"line":164,"column":38}},"164":{"start":{"line":165,"column":0},"end":{"line":165,"column":20}},"166":{"start":{"line":167,"column":0},"end":{"line":167,"column":33}},"167":{"start":{"line":168,"column":0},"end":{"line":168,"column":52}},"168":{"start":{"line":169,"column":0},"end":{"line":169,"column":36}},"170":{"start":{"line":171,"column":0},"end":{"line":171,"column":28}},"171":{"start":{"line":172,"column":0},"end":{"line":172,"column":24}},"172":{"start":{"line":173,"column":0},"end":{"line":173,"column":30}},"173":{"start":{"line":174,"column":0},"end":{"line":174,"column":15}},"174":{"start":{"line":175,"column":0},"end":{"line":175,"column":28}},"175":{"start":{"line":176,"column":0},"end":{"line":176,"column":43}},"176":{"start":{"line":177,"column":0},"end":{"line":177,"column":18}},"177":{"start":{"line":178,"column":0},"end":{"line":178,"column":39}},"178":{"start":{"line":179,"column":0},"end":{"line":179,"column":7}},"179":{"start":{"line":180,"column":0},"end":{"line":180,"column":30}},"180":{"start":{"line":181,"column":0},"end":{"line":181,"column":5}},"181":{"start":{"line":182,"column":0},"end":{"line":182,"column":3}},"183":{"start":{"line":184,"column":0},"end":{"line":184,"column":30}},"186":{"start":{"line":187,"column":0},"end":{"line":187,"column":37}},"187":{"start":{"line":188,"column":0},"end":{"line":188,"column":43}},"188":{"start":{"line":189,"column":0},"end":{"line":189,"column":54}},"189":{"start":{"line":190,"column":0},"end":{"line":190,"column":5}},"190":{"start":{"line":191,"column":0},"end":{"line":191,"column":3}},"192":{"start":{"line":193,"column":0},"end":{"line":193,"column":14}},"193":{"start":{"line":194,"column":0},"end":{"line":194,"column":1}}},"s":{"7":1,"9":1,"20":8,"21":8,"22":8,"27":1,"28":4,"29":4,"30":4,"31":4,"32":4,"35":3,"36":4,"37":5,"38":1,"39":1,"40":5,"42":2,"43":2,"44":2,"45":2,"47":2,"48":4,"50":1,"51":4,"52":4,"54":1,"55":1,"60":1,"61":6,"62":6,"63":6,"64":6,"65":6,"66":6,"69":5,"70":5,"71":5,"72":5,"73":5,"76":5,"77":6,"78":4,"79":4,"80":4,"81":10,"82":10,"83":10,"84":4,"85":4,"86":4,"87":4,"88":4,"89":4,"90":1,"91":1,"92":1,"93":1,"94":1,"95":1,"96":1,"97":1,"98":1,"99":4,"101":5,"102":5,"103":3,"104":3,"105":3,"106":3,"107":2,"110":6,"111":1,"112":0,"113":0,"114":0,"115":0,"116":1,"117":1,"118":0,"119":1,"121":6,"122":2,"123":2,"125":6,"126":0,"127":0,"129":2,"130":2,"135":1,"136":6,"137":6,"138":6,"139":6,"140":6,"142":5,"143":5,"145":5,"146":5,"147":5,"148":5,"149":5,"151":5,"152":5,"153":5,"154":5,"155":5,"156":5,"157":5,"158":5,"159":5,"160":5,"161":5,"163":5,"164":5,"166":6,"167":3,"168":3,"170":3,"171":3,"172":3,"173":3,"174":0,"175":0,"176":0,"177":0,"178":0,"179":0,"180":0,"181":3,"183":5,"186":5,"187":5,"188":3,"189":3,"190":5,"192":0,"193":0},"branchMap":{"0":{"type":"branch","line":21,"loc":{"start":{"line":21,"column":0},"end":{"line":23,"column":1}},"locations":[{"start":{"line":21,"column":0},"end":{"line":23,"column":1}}]},"1":{"type":"branch","line":28,"loc":{"start":{"line":28,"column":7},"end":{"line":56,"column":1}},"locations":[{"start":{"line":28,"column":7},"end":{"line":56,"column":1}}]},"2":{"type":"branch","line":33,"loc":{"start":{"line":33,"column":28},"end":{"line":33,"column":40}},"locations":[{"start":{"line":33,"column":28},"end":{"line":33,"column":40}}]},"3":{"type":"branch","line":33,"loc":{"start":{"line":33,"column":35},"end":{"line":37,"column":32}},"locations":[{"start":{"line":33,"column":35},"end":{"line":37,"column":32}}]},"4":{"type":"branch","line":37,"loc":{"start":{"line":37,"column":32},"end":{"line":41,"column":3}},"locations":[{"start":{"line":37,"column":32},"end":{"line":41,"column":3}}]},"5":{"type":"branch","line":38,"loc":{"start":{"line":38,"column":45},"end":{"line":40,"column":5}},"locations":[{"start":{"line":38,"column":45},"end":{"line":40,"column":5}}]},"6":{"type":"branch","line":41,"loc":{"start":{"line":41,"column":2},"end":{"line":49,"column":35}},"locations":[{"start":{"line":41,"column":2},"end":{"line":49,"column":35}}]},"7":{"type":"branch","line":49,"loc":{"start":{"line":49,"column":28},"end":{"line":52,"column":45}},"locations":[{"start":{"line":49,"column":28},"end":{"line":52,"column":45}}]},"8":{"type":"branch","line":52,"loc":{"start":{"line":52,"column":36},"end":{"line":52,"column":46}},"locations":[{"start":{"line":52,"column":36},"end":{"line":52,"column":46}}]},"9":{"type":"branch","line":53,"loc":{"start":{"line":53,"column":25},"end":{"line":53,"column":37}},"locations":[{"start":{"line":53,"column":25},"end":{"line":53,"column":37}}]},"10":{"type":"branch","line":53,"loc":{"start":{"line":53,"column":32},"end":{"line":56,"column":1}},"locations":[{"start":{"line":53,"column":32},"end":{"line":56,"column":1}}]},"11":{"type":"branch","line":61,"loc":{"start":{"line":61,"column":7},"end":{"line":131,"column":1}},"locations":[{"start":{"line":61,"column":7},"end":{"line":131,"column":1}}]},"12":{"type":"branch","line":67,"loc":{"start":{"line":67,"column":29},"end":{"line":67,"column":41}},"locations":[{"start":{"line":67,"column":29},"end":{"line":67,"column":41}}]},"13":{"type":"branch","line":67,"loc":{"start":{"line":67,"column":36},"end":{"line":78,"column":20}},"locations":[{"start":{"line":67,"column":36},"end":{"line":78,"column":20}}]},"14":{"type":"branch","line":78,"loc":{"start":{"line":78,"column":20},"end":{"line":100,"column":3}},"locations":[{"start":{"line":78,"column":20},"end":{"line":100,"column":3}}]},"15":{"type":"branch","line":81,"loc":{"start":{"line":81,"column":59},"end":{"line":84,"column":5}},"locations":[{"start":{"line":81,"column":59},"end":{"line":84,"column":5}}]},"16":{"type":"branch","line":90,"loc":{"start":{"line":90,"column":32},"end":{"line":99,"column":5}},"locations":[{"start":{"line":90,"column":32},"end":{"line":99,"column":5}}]},"17":{"type":"branch","line":96,"loc":{"start":{"line":96,"column":37},"end":{"line":96,"column":47}},"locations":[{"start":{"line":96,"column":37},"end":{"line":96,"column":47}}]},"18":{"type":"branch","line":100,"loc":{"start":{"line":100,"column":2},"end":{"line":103,"column":24}},"locations":[{"start":{"line":100,"column":2},"end":{"line":103,"column":24}}]},"19":{"type":"branch","line":103,"loc":{"start":{"line":103,"column":23},"end":{"line":107,"column":9}},"locations":[{"start":{"line":103,"column":23},"end":{"line":107,"column":9}}]},"20":{"type":"branch","line":106,"loc":{"start":{"line":106,"column":45},"end":{"line":106,"column":55}},"locations":[{"start":{"line":106,"column":45},"end":{"line":106,"column":55}}]},"21":{"type":"branch","line":107,"loc":{"start":{"line":107,"column":8},"end":{"line":108,"column":13}},"locations":[{"start":{"line":107,"column":8},"end":{"line":108,"column":13}}]},"22":{"type":"branch","line":111,"loc":{"start":{"line":111,"column":6},"end":{"line":111,"column":28}},"locations":[{"start":{"line":111,"column":6},"end":{"line":111,"column":28}}]},"23":{"type":"branch","line":111,"loc":{"start":{"line":111,"column":28},"end":{"line":120,"column":3}},"locations":[{"start":{"line":111,"column":28},"end":{"line":120,"column":3}}]},"24":{"type":"branch","line":112,"loc":{"start":{"line":112,"column":42},"end":{"line":116,"column":5}},"locations":[{"start":{"line":112,"column":42},"end":{"line":116,"column":5}}]},"25":{"type":"branch","line":118,"loc":{"start":{"line":118,"column":68},"end":{"line":119,"column":13}},"locations":[{"start":{"line":118,"column":68},"end":{"line":119,"column":13}}]},"26":{"type":"branch","line":120,"loc":{"start":{"line":120,"column":2},"end":{"line":122,"column":16}},"locations":[{"start":{"line":120,"column":2},"end":{"line":122,"column":16}}]},"27":{"type":"branch","line":122,"loc":{"start":{"line":122,"column":6},"end":{"line":122,"column":43}},"locations":[{"start":{"line":122,"column":6},"end":{"line":122,"column":43}}]},"28":{"type":"branch","line":122,"loc":{"start":{"line":122,"column":43},"end":{"line":126,"column":20}},"locations":[{"start":{"line":122,"column":43},"end":{"line":126,"column":20}}]},"29":{"type":"branch","line":126,"loc":{"start":{"line":126,"column":6},"end":{"line":126,"column":51}},"locations":[{"start":{"line":126,"column":6},"end":{"line":126,"column":51}}]},"30":{"type":"branch","line":126,"loc":{"start":{"line":126,"column":51},"end":{"line":128,"column":3}},"locations":[{"start":{"line":126,"column":51},"end":{"line":128,"column":3}}]},"31":{"type":"branch","line":128,"loc":{"start":{"line":128,"column":2},"end":{"line":131,"column":1}},"locations":[{"start":{"line":128,"column":2},"end":{"line":131,"column":1}}]},"32":{"type":"branch","line":136,"loc":{"start":{"line":136,"column":7},"end":{"line":194,"column":1}},"locations":[{"start":{"line":136,"column":7},"end":{"line":194,"column":1}}]},"33":{"type":"branch","line":141,"loc":{"start":{"line":141,"column":34},"end":{"line":141,"column":46}},"locations":[{"start":{"line":141,"column":34},"end":{"line":141,"column":46}}]},"34":{"type":"branch","line":141,"loc":{"start":{"line":141,"column":41},"end":{"line":167,"column":32}},"locations":[{"start":{"line":141,"column":41},"end":{"line":167,"column":32}}]},"35":{"type":"branch","line":167,"loc":{"start":{"line":167,"column":32},"end":{"line":182,"column":3}},"locations":[{"start":{"line":167,"column":32},"end":{"line":182,"column":3}}]},"36":{"type":"branch","line":168,"loc":{"start":{"line":168,"column":40},"end":{"line":168,"column":50}},"locations":[{"start":{"line":168,"column":40},"end":{"line":168,"column":50}}]},"37":{"type":"branch","line":169,"loc":{"start":{"line":169,"column":27},"end":{"line":169,"column":36}},"locations":[{"start":{"line":169,"column":27},"end":{"line":169,"column":36}}]},"38":{"type":"branch","line":174,"loc":{"start":{"line":174,"column":4},"end":{"line":181,"column":5}},"locations":[{"start":{"line":174,"column":4},"end":{"line":181,"column":5}}]},"39":{"type":"branch","line":182,"loc":{"start":{"line":182,"column":2},"end":{"line":191,"column":3}},"locations":[{"start":{"line":182,"column":2},"end":{"line":191,"column":3}}]},"40":{"type":"branch","line":184,"loc":{"start":{"line":184,"column":18},"end":{"line":184,"column":30}},"locations":[{"start":{"line":184,"column":18},"end":{"line":184,"column":30}}]},"41":{"type":"branch","line":184,"loc":{"start":{"line":184,"column":25},"end":{"line":187,"column":36}},"locations":[{"start":{"line":184,"column":25},"end":{"line":187,"column":36}}]},"42":{"type":"branch","line":188,"loc":{"start":{"line":188,"column":42},"end":{"line":190,"column":5}},"locations":[{"start":{"line":188,"column":42},"end":{"line":190,"column":5}}]},"43":{"type":"branch","line":191,"loc":{"start":{"line":191,"column":2},"end":{"line":194,"column":1}},"locations":[{"start":{"line":191,"column":2},"end":{"line":194,"column":1}}]},"44":{"type":"branch","line":144,"loc":{"start":{"line":144,"column":39},"end":{"line":144,"column":61}},"locations":[{"start":{"line":144,"column":39},"end":{"line":144,"column":61}}]}},"b":{"0":[8],"1":[4],"2":[1],"3":[3],"4":[5],"5":[1],"6":[2],"7":[1],"8":[0],"9":[0],"10":[1],"11":[6],"12":[1],"13":[5],"14":[4],"15":[10],"16":[1],"17":[0],"18":[5],"19":[3],"20":[0],"21":[2],"22":[3],"23":[1],"24":[0],"25":[0],"26":[4],"27":[2],"28":[2],"29":[0],"30":[0],"31":[2],"32":[6],"33":[1],"34":[5],"35":[3],"36":[0],"37":[0],"38":[0],"39":[5],"40":[2],"41":[3],"42":[3],"43":[0],"44":[23]},"fnMap":{"0":{"name":"fuseScoreTo100","decl":{"start":{"line":21,"column":0},"end":{"line":23,"column":1}},"loc":{"start":{"line":21,"column":0},"end":{"line":23,"column":1}},"line":21},"1":{"name":"suggestMatch","decl":{"start":{"line":28,"column":7},"end":{"line":56,"column":1}},"loc":{"start":{"line":28,"column":7},"end":{"line":56,"column":1}},"line":28},"2":{"name":"suggestModel","decl":{"start":{"line":61,"column":7},"end":{"line":131,"column":1}},"loc":{"start":{"line":61,"column":7},"end":{"line":131,"column":1}},"line":61},"3":{"name":"suggestCurrency","decl":{"start":{"line":136,"column":7},"end":{"line":194,"column":1}},"loc":{"start":{"line":136,"column":7},"end":{"line":194,"column":1}},"line":136}},"f":{"0":8,"1":4,"2":6,"3":6}}
}
